2022-09-20 00:26:28.2620 INFO enter the logger
2022-09-20 00:26:28.3410 INFO Upload the file successfully
2022-09-20 00:26:28.3510 INFO read the value of stored file
2022-09-20 00:26:28.3510 INFO read the first dropdown value of stored file
2022-09-20 00:26:28.3510 INFO read the first dropdown value of stored file
2022-09-20 00:26:28.3510 INFO read the first dropdown value of stored file
2022-09-20 00:26:28.3510 INFO read the first dropdown value of stored file
2022-09-20 00:26:28.3510 INFO read the first dropdown value of stored file
2022-09-20 00:26:28.3510 INFO read the first dropdown value of stored file
2022-09-20 00:26:28.3510 INFO read the first dropdown value of stored file
2022-09-20 00:26:28.3510 INFO read the first dropdown value of stored file
2022-09-20 00:26:28.3510 INFO read the first dropdown value of stored file
2022-09-20 00:26:28.3510 INFO read the first dropdown value of stored file
2022-09-20 00:26:28.3510 INFO read the first dropdown value of stored file
2022-09-20 00:26:28.3510 INFO read the first dropdown value of stored file
2022-09-20 00:26:28.3510 INFO read the first dropdown value of stored file
2022-09-20 00:26:28.3510 INFO read the first dropdown value of stored file
2022-09-20 00:26:28.3510 INFO read the first dropdown value of stored file
2022-09-20 00:26:28.3510 INFO read the first dropdown value of stored file
2022-09-20 00:26:28.3510 INFO read the first dropdown value of stored file
2022-09-20 00:26:28.3510 INFO read the configue value to list
2022-09-20 00:26:28.3510 INFO read the configue value to list
2022-09-20 00:26:28.3510 INFO read the configue value to list
2022-09-20 00:26:28.3510 INFO read the configue value to list
2022-09-20 00:26:28.3510 INFO read the configue value to list
2022-09-20 00:26:28.3510 INFO compare the file value and the config value and send the list
2022-09-20 00:26:28.3510 INFO return the first dropdownlist value
2022-09-20 00:26:31.7178 INFO read the node from the file
2022-09-20 00:26:31.7178 INFO to read the first node of selected node 
2022-09-20 00:37:01.3751 INFO enter the logger
2022-09-20 00:37:01.4380 INFO Upload the file successfully
2022-09-20 00:37:01.4490 INFO read the value of stored file
2022-09-20 00:37:01.4490 INFO read the first dropdown value of stored file
2022-09-20 00:37:01.4490 INFO read the first dropdown value of stored file
2022-09-20 00:37:01.4490 INFO read the first dropdown value of stored file
2022-09-20 00:37:01.4490 INFO read the first dropdown value of stored file
2022-09-20 00:37:01.4490 INFO read the first dropdown value of stored file
2022-09-20 00:37:01.4490 INFO read the first dropdown value of stored file
2022-09-20 00:37:01.4490 INFO read the first dropdown value of stored file
2022-09-20 00:37:01.4490 INFO read the first dropdown value of stored file
2022-09-20 00:37:01.4490 INFO read the first dropdown value of stored file
2022-09-20 00:37:01.4490 INFO read the first dropdown value of stored file
2022-09-20 00:37:01.4490 INFO read the first dropdown value of stored file
2022-09-20 00:37:01.4490 INFO read the first dropdown value of stored file
2022-09-20 00:37:01.4490 INFO read the first dropdown value of stored file
2022-09-20 00:37:01.4490 INFO read the first dropdown value of stored file
2022-09-20 00:37:01.4490 INFO read the first dropdown value of stored file
2022-09-20 00:37:01.4490 INFO read the first dropdown value of stored file
2022-09-20 00:37:01.4490 INFO read the first dropdown value of stored file
2022-09-20 00:37:01.4490 INFO read the configue value to list
2022-09-20 00:37:01.4490 INFO read the configue value to list
2022-09-20 00:37:01.4490 INFO read the configue value to list
2022-09-20 00:37:01.4490 INFO read the configue value to list
2022-09-20 00:37:01.4490 INFO read the configue value to list
2022-09-20 00:37:01.4490 INFO compare the file value and the config value and send the list
2022-09-20 00:37:01.4490 INFO return the first dropdownlist value
2022-09-20 00:37:04.1941 INFO read the node from the file
2022-09-20 00:37:04.1941 INFO to read the first node of selected node 
2022-09-20 00:37:32.6015 INFO read the node from the file
2022-09-20 00:37:32.6015 INFO to read the first node of selected node 
2022-09-20 00:47:59.6248 INFO read the node from the file
2022-09-20 00:47:59.6248 INFO to read the first node of selected node 
2022-09-20 00:54:38.2303 INFO enter the logger
2022-09-20 00:54:38.3192 INFO Upload the file successfully
2022-09-20 00:54:38.3332 INFO read the value of stored file
2022-09-20 00:54:38.3332 INFO read the first dropdown value of stored file
2022-09-20 00:54:38.3332 INFO read the first dropdown value of stored file
2022-09-20 00:54:38.3332 INFO read the first dropdown value of stored file
2022-09-20 00:54:38.3332 INFO read the first dropdown value of stored file
2022-09-20 00:54:38.3332 INFO read the first dropdown value of stored file
2022-09-20 00:54:38.3332 INFO read the first dropdown value of stored file
2022-09-20 00:54:38.3332 INFO read the first dropdown value of stored file
2022-09-20 00:54:38.3332 INFO read the first dropdown value of stored file
2022-09-20 00:54:38.3332 INFO read the first dropdown value of stored file
2022-09-20 00:54:38.3332 INFO read the first dropdown value of stored file
2022-09-20 00:54:38.3332 INFO read the first dropdown value of stored file
2022-09-20 00:54:38.3332 INFO read the first dropdown value of stored file
2022-09-20 00:54:38.3332 INFO read the first dropdown value of stored file
2022-09-20 00:54:38.3332 INFO read the first dropdown value of stored file
2022-09-20 00:54:38.3332 INFO read the first dropdown value of stored file
2022-09-20 00:54:38.3332 INFO read the first dropdown value of stored file
2022-09-20 00:54:38.3332 INFO read the first dropdown value of stored file
2022-09-20 00:54:38.3332 INFO read the configue value to list
2022-09-20 00:54:38.3332 INFO read the configue value to list
2022-09-20 00:54:38.3332 INFO read the configue value to list
2022-09-20 00:54:38.3332 INFO read the configue value to list
2022-09-20 00:54:38.3332 INFO read the configue value to list
2022-09-20 00:54:38.3332 INFO compare the file value and the config value and send the list
2022-09-20 00:54:38.3332 INFO return the first dropdownlist value
2022-09-20 00:54:40.0089 INFO read the node from the file
2022-09-20 00:54:40.0089 INFO to read the first node of selected node 
2022-09-20 00:56:15.2169 INFO enter the logger
2022-09-20 00:56:15.2939 INFO Upload the file successfully
2022-09-20 00:56:15.3069 INFO read the value of stored file
2022-09-20 00:56:15.3069 INFO read the first dropdown value of stored file
2022-09-20 00:56:15.3069 INFO read the first dropdown value of stored file
2022-09-20 00:56:15.3069 INFO read the first dropdown value of stored file
2022-09-20 00:56:15.3069 INFO read the first dropdown value of stored file
2022-09-20 00:56:15.3069 INFO read the first dropdown value of stored file
2022-09-20 00:56:15.3069 INFO read the first dropdown value of stored file
2022-09-20 00:56:15.3069 INFO read the first dropdown value of stored file
2022-09-20 00:56:15.3069 INFO read the first dropdown value of stored file
2022-09-20 00:56:15.3069 INFO read the first dropdown value of stored file
2022-09-20 00:56:15.3069 INFO read the first dropdown value of stored file
2022-09-20 00:56:15.3069 INFO read the first dropdown value of stored file
2022-09-20 00:56:15.3069 INFO read the first dropdown value of stored file
2022-09-20 00:56:15.3069 INFO read the first dropdown value of stored file
2022-09-20 00:56:15.3069 INFO read the first dropdown value of stored file
2022-09-20 00:56:15.3069 INFO read the first dropdown value of stored file
2022-09-20 00:56:15.3069 INFO read the first dropdown value of stored file
2022-09-20 00:56:15.3069 INFO read the first dropdown value of stored file
2022-09-20 00:56:15.3069 INFO read the configue value to list
2022-09-20 00:56:15.3069 INFO read the configue value to list
2022-09-20 00:56:15.3069 INFO read the configue value to list
2022-09-20 00:56:15.3069 INFO read the configue value to list
2022-09-20 00:56:15.3069 INFO read the configue value to list
2022-09-20 00:56:15.3069 INFO compare the file value and the config value and send the list
2022-09-20 00:56:15.3069 INFO return the first dropdownlist value
2022-09-20 00:56:16.9352 INFO read the node from the file
2022-09-20 00:56:16.9352 INFO to read the first node of selected node 
2022-09-20 00:56:43.6019 INFO read the node from the file
2022-09-20 00:56:43.6019 INFO to read the first node of selected node 
2022-09-20 00:59:16.4071 INFO enter the logger
2022-09-20 00:59:16.4900 INFO Upload the file successfully
2022-09-20 00:59:16.5060 INFO read the value of stored file
2022-09-20 00:59:16.5060 INFO read the first dropdown value of stored file
2022-09-20 00:59:16.5060 INFO read the first dropdown value of stored file
2022-09-20 00:59:16.5060 INFO read the first dropdown value of stored file
2022-09-20 00:59:16.5060 INFO read the first dropdown value of stored file
2022-09-20 00:59:16.5060 INFO read the first dropdown value of stored file
2022-09-20 00:59:16.5060 INFO read the first dropdown value of stored file
2022-09-20 00:59:16.5060 INFO read the first dropdown value of stored file
2022-09-20 00:59:16.5060 INFO read the first dropdown value of stored file
2022-09-20 00:59:16.5060 INFO read the first dropdown value of stored file
2022-09-20 00:59:16.5060 INFO read the first dropdown value of stored file
2022-09-20 00:59:16.5060 INFO read the first dropdown value of stored file
2022-09-20 00:59:16.5060 INFO read the first dropdown value of stored file
2022-09-20 00:59:16.5060 INFO read the first dropdown value of stored file
2022-09-20 00:59:16.5060 INFO read the first dropdown value of stored file
2022-09-20 00:59:16.5060 INFO read the first dropdown value of stored file
2022-09-20 00:59:16.5060 INFO read the first dropdown value of stored file
2022-09-20 00:59:16.5060 INFO read the first dropdown value of stored file
2022-09-20 00:59:16.5060 INFO read the configue value to list
2022-09-20 00:59:16.5060 INFO read the configue value to list
2022-09-20 00:59:16.5060 INFO read the configue value to list
2022-09-20 00:59:16.5060 INFO read the configue value to list
2022-09-20 00:59:16.5060 INFO read the configue value to list
2022-09-20 00:59:16.5060 INFO compare the file value and the config value and send the list
2022-09-20 00:59:16.5060 INFO return the first dropdownlist value
2022-09-20 00:59:18.9308 INFO read the node from the file
2022-09-20 00:59:18.9308 INFO to read the first node of selected node 
2022-09-20 00:59:25.4586 INFO read the node from the file
2022-09-20 00:59:25.4586 INFO to read the first node of selected node 
2022-09-20 01:04:16.3087 INFO enter the logger
2022-09-20 01:04:16.3886 INFO Upload the file successfully
2022-09-20 01:04:16.4046 INFO read the value of stored file
2022-09-20 01:04:16.4046 INFO read the first dropdown value of stored file
2022-09-20 01:04:16.4046 INFO read the first dropdown value of stored file
2022-09-20 01:04:16.4046 INFO read the first dropdown value of stored file
2022-09-20 01:04:16.4046 INFO read the first dropdown value of stored file
2022-09-20 01:04:16.4046 INFO read the first dropdown value of stored file
2022-09-20 01:04:16.4046 INFO read the first dropdown value of stored file
2022-09-20 01:04:16.4046 INFO read the first dropdown value of stored file
2022-09-20 01:04:16.4046 INFO read the first dropdown value of stored file
2022-09-20 01:04:16.4046 INFO read the first dropdown value of stored file
2022-09-20 01:04:16.4046 INFO read the first dropdown value of stored file
2022-09-20 01:04:16.4046 INFO read the first dropdown value of stored file
2022-09-20 01:04:16.4046 INFO read the first dropdown value of stored file
2022-09-20 01:04:16.4046 INFO read the first dropdown value of stored file
2022-09-20 01:04:16.4046 INFO read the first dropdown value of stored file
2022-09-20 01:04:16.4046 INFO read the first dropdown value of stored file
2022-09-20 01:04:16.4046 INFO read the first dropdown value of stored file
2022-09-20 01:04:16.4046 INFO read the first dropdown value of stored file
2022-09-20 01:04:16.4046 INFO read the configue value to list
2022-09-20 01:04:16.4046 INFO read the configue value to list
2022-09-20 01:04:16.4046 INFO read the configue value to list
2022-09-20 01:04:16.4046 INFO read the configue value to list
2022-09-20 01:04:16.4046 INFO read the configue value to list
2022-09-20 01:04:16.4046 INFO compare the file value and the config value and send the list
2022-09-20 01:04:16.4046 INFO return the first dropdownlist value
2022-09-20 01:04:19.4588 INFO read the node from the file
2022-09-20 01:04:19.4588 INFO to read the first node of selected node 
2022-09-20 01:05:15.4039 INFO enter the logger
2022-09-20 01:05:15.4628 INFO Upload the file successfully
2022-09-20 01:05:15.5018 INFO read the value of stored file
2022-09-20 01:05:15.5018 INFO read the first dropdown value of stored file
2022-09-20 01:05:15.5018 INFO read the first dropdown value of stored file
2022-09-20 01:05:15.5018 INFO read the first dropdown value of stored file
2022-09-20 01:05:15.5018 INFO read the first dropdown value of stored file
2022-09-20 01:05:15.5018 INFO read the first dropdown value of stored file
2022-09-20 01:05:15.5018 INFO read the first dropdown value of stored file
2022-09-20 01:05:15.5018 INFO read the first dropdown value of stored file
2022-09-20 01:05:15.5018 INFO read the first dropdown value of stored file
2022-09-20 01:05:15.5018 INFO read the first dropdown value of stored file
2022-09-20 01:05:15.5018 INFO read the first dropdown value of stored file
2022-09-20 01:05:15.5018 INFO read the first dropdown value of stored file
2022-09-20 01:05:15.5018 INFO read the first dropdown value of stored file
2022-09-20 01:05:15.5018 INFO read the first dropdown value of stored file
2022-09-20 01:05:15.5018 INFO read the first dropdown value of stored file
2022-09-20 01:05:15.5018 INFO read the first dropdown value of stored file
2022-09-20 01:05:15.5018 INFO read the first dropdown value of stored file
2022-09-20 01:05:15.5018 INFO read the first dropdown value of stored file
2022-09-20 01:05:15.5018 INFO read the configue value to list
2022-09-20 01:05:15.5018 INFO read the configue value to list
2022-09-20 01:05:15.5018 INFO read the configue value to list
2022-09-20 01:05:15.5018 INFO read the configue value to list
2022-09-20 01:05:15.5018 INFO read the configue value to list
2022-09-20 01:05:15.5018 INFO compare the file value and the config value and send the list
2022-09-20 01:05:15.5018 INFO return the first dropdownlist value
2022-09-20 01:05:17.1873 INFO read the node from the file
2022-09-20 01:05:17.1873 INFO to read the first node of selected node 
2022-09-20 01:09:19.3130 INFO enter the logger
2022-09-20 01:09:19.4480 INFO Upload the file successfully
2022-09-20 01:09:19.4660 INFO read the value of stored file
2022-09-20 01:09:19.4660 INFO read the first dropdown value of stored file
2022-09-20 01:09:19.4660 INFO read the first dropdown value of stored file
2022-09-20 01:09:19.4660 INFO read the first dropdown value of stored file
2022-09-20 01:09:19.4660 INFO read the first dropdown value of stored file
2022-09-20 01:09:19.4660 INFO read the first dropdown value of stored file
2022-09-20 01:09:19.4660 INFO read the first dropdown value of stored file
2022-09-20 01:09:19.4660 INFO read the first dropdown value of stored file
2022-09-20 01:09:19.4660 INFO read the first dropdown value of stored file
2022-09-20 01:09:19.4660 INFO read the first dropdown value of stored file
2022-09-20 01:09:19.4660 INFO read the first dropdown value of stored file
2022-09-20 01:09:19.4660 INFO read the first dropdown value of stored file
2022-09-20 01:09:19.4660 INFO read the first dropdown value of stored file
2022-09-20 01:09:19.4660 INFO read the first dropdown value of stored file
2022-09-20 01:09:19.4660 INFO read the first dropdown value of stored file
2022-09-20 01:09:19.4660 INFO read the first dropdown value of stored file
2022-09-20 01:09:19.4660 INFO read the first dropdown value of stored file
2022-09-20 01:09:19.4660 INFO read the first dropdown value of stored file
2022-09-20 01:09:19.4660 INFO read the configue value to list
2022-09-20 01:09:19.4660 INFO read the configue value to list
2022-09-20 01:09:19.4660 INFO read the configue value to list
2022-09-20 01:09:19.4660 INFO read the configue value to list
2022-09-20 01:09:19.4660 INFO read the configue value to list
2022-09-20 01:09:19.4660 INFO compare the file value and the config value and send the list
2022-09-20 01:09:19.4660 INFO return the first dropdownlist value
2022-09-20 01:09:22.1373 INFO read the node from the file
2022-09-20 01:09:22.1373 INFO to read the first node of selected node 
2022-09-20 01:12:04.0939 INFO enter the logger
2022-09-20 01:12:04.1199 INFO Upload the file successfully
2022-09-20 01:12:04.1509 INFO read the value of stored file
2022-09-20 01:12:04.1509 INFO read the first dropdown value of stored file
2022-09-20 01:12:04.1509 INFO read the first dropdown value of stored file
2022-09-20 01:12:04.1509 INFO read the first dropdown value of stored file
2022-09-20 01:12:04.1509 INFO read the first dropdown value of stored file
2022-09-20 01:12:04.1509 INFO read the first dropdown value of stored file
2022-09-20 01:12:04.1509 INFO read the first dropdown value of stored file
2022-09-20 01:12:04.1509 INFO read the first dropdown value of stored file
2022-09-20 01:12:04.1509 INFO read the first dropdown value of stored file
2022-09-20 01:12:04.1509 INFO read the first dropdown value of stored file
2022-09-20 01:12:04.1509 INFO read the first dropdown value of stored file
2022-09-20 01:12:04.1509 INFO read the first dropdown value of stored file
2022-09-20 01:12:04.1509 INFO read the first dropdown value of stored file
2022-09-20 01:12:04.1509 INFO read the first dropdown value of stored file
2022-09-20 01:12:04.1509 INFO read the first dropdown value of stored file
2022-09-20 01:12:04.1509 INFO read the first dropdown value of stored file
2022-09-20 01:12:04.1509 INFO read the first dropdown value of stored file
2022-09-20 01:12:04.1509 INFO read the first dropdown value of stored file
2022-09-20 01:12:04.1509 INFO read the configue value to list
2022-09-20 01:12:04.1509 INFO read the configue value to list
2022-09-20 01:12:04.1509 INFO read the configue value to list
2022-09-20 01:12:04.1509 INFO read the configue value to list
2022-09-20 01:12:04.1509 INFO read the configue value to list
2022-09-20 01:12:04.1509 INFO compare the file value and the config value and send the list
2022-09-20 01:12:04.1509 INFO return the first dropdownlist value
2022-09-20 01:12:06.7216 INFO read the node from the file
2022-09-20 01:12:06.7216 INFO to read the first node of selected node 
2022-09-20 01:13:24.3342 INFO enter the logger
2022-09-20 01:13:24.4991 INFO Upload the file successfully
2022-09-20 01:13:24.5141 INFO read the value of stored file
2022-09-20 01:13:24.5141 INFO read the first dropdown value of stored file
2022-09-20 01:13:24.5141 INFO read the first dropdown value of stored file
2022-09-20 01:13:24.5141 INFO read the first dropdown value of stored file
2022-09-20 01:13:24.5141 INFO read the first dropdown value of stored file
2022-09-20 01:13:24.5141 INFO read the first dropdown value of stored file
2022-09-20 01:13:24.5141 INFO read the first dropdown value of stored file
2022-09-20 01:13:24.5141 INFO read the first dropdown value of stored file
2022-09-20 01:13:24.5141 INFO read the first dropdown value of stored file
2022-09-20 01:13:24.5141 INFO read the first dropdown value of stored file
2022-09-20 01:13:24.5141 INFO read the first dropdown value of stored file
2022-09-20 01:13:24.5141 INFO read the first dropdown value of stored file
2022-09-20 01:13:24.5141 INFO read the first dropdown value of stored file
2022-09-20 01:13:24.5141 INFO read the first dropdown value of stored file
2022-09-20 01:13:24.5141 INFO read the first dropdown value of stored file
2022-09-20 01:13:24.5141 INFO read the first dropdown value of stored file
2022-09-20 01:13:24.5141 INFO read the first dropdown value of stored file
2022-09-20 01:13:24.5141 INFO read the first dropdown value of stored file
2022-09-20 01:13:24.5141 INFO read the configue value to list
2022-09-20 01:13:24.5141 INFO read the configue value to list
2022-09-20 01:13:24.5141 INFO read the configue value to list
2022-09-20 01:13:24.5141 INFO read the configue value to list
2022-09-20 01:13:24.5141 INFO read the configue value to list
2022-09-20 01:13:24.5141 INFO compare the file value and the config value and send the list
2022-09-20 01:13:24.5141 INFO return the first dropdownlist value
2022-09-20 01:13:26.9981 INFO read the node from the file
2022-09-20 01:13:26.9981 INFO to read the first node of selected node 
2022-09-20 01:14:53.1530 INFO enter the logger
2022-09-20 01:14:53.2030 INFO Upload the file successfully
2022-09-20 01:14:53.2360 INFO read the value of stored file
2022-09-20 01:14:53.2360 INFO read the first dropdown value of stored file
2022-09-20 01:14:53.2360 INFO read the first dropdown value of stored file
2022-09-20 01:14:53.2360 INFO read the first dropdown value of stored file
2022-09-20 01:14:53.2360 INFO read the first dropdown value of stored file
2022-09-20 01:14:53.2360 INFO read the first dropdown value of stored file
2022-09-20 01:14:53.2360 INFO read the first dropdown value of stored file
2022-09-20 01:14:53.2360 INFO read the first dropdown value of stored file
2022-09-20 01:14:53.2360 INFO read the first dropdown value of stored file
2022-09-20 01:14:53.2360 INFO read the first dropdown value of stored file
2022-09-20 01:14:53.2360 INFO read the first dropdown value of stored file
2022-09-20 01:14:53.2360 INFO read the first dropdown value of stored file
2022-09-20 01:14:53.2360 INFO read the first dropdown value of stored file
2022-09-20 01:14:53.2360 INFO read the first dropdown value of stored file
2022-09-20 01:14:53.2360 INFO read the first dropdown value of stored file
2022-09-20 01:14:53.2360 INFO read the first dropdown value of stored file
2022-09-20 01:14:53.2360 INFO read the first dropdown value of stored file
2022-09-20 01:14:53.2360 INFO read the first dropdown value of stored file
2022-09-20 01:14:53.2360 INFO read the configue value to list
2022-09-20 01:14:53.2360 INFO read the configue value to list
2022-09-20 01:14:53.2360 INFO read the configue value to list
2022-09-20 01:14:53.2360 INFO read the configue value to list
2022-09-20 01:14:53.2360 INFO read the configue value to list
2022-09-20 01:14:53.2360 INFO compare the file value and the config value and send the list
2022-09-20 01:14:53.2360 INFO return the first dropdownlist value
2022-09-20 01:14:55.2317 INFO read the node from the file
2022-09-20 01:14:55.2317 INFO to read the first node of selected node 
2022-09-20 01:19:44.7362 INFO enter the logger
2022-09-20 01:19:44.7622 INFO Upload the file successfully
2022-09-20 01:19:44.7772 INFO read the value of stored file
2022-09-20 01:19:44.7772 INFO read the first dropdown value of stored file
2022-09-20 01:19:44.7772 INFO read the first dropdown value of stored file
2022-09-20 01:19:44.7772 INFO read the first dropdown value of stored file
2022-09-20 01:19:44.7772 INFO read the first dropdown value of stored file
2022-09-20 01:19:44.7772 INFO read the first dropdown value of stored file
2022-09-20 01:19:44.7772 INFO read the first dropdown value of stored file
2022-09-20 01:19:44.7772 INFO read the first dropdown value of stored file
2022-09-20 01:19:44.7772 INFO read the first dropdown value of stored file
2022-09-20 01:19:44.7772 INFO read the first dropdown value of stored file
2022-09-20 01:19:44.7772 INFO read the first dropdown value of stored file
2022-09-20 01:19:44.7772 INFO read the first dropdown value of stored file
2022-09-20 01:19:44.7772 INFO read the first dropdown value of stored file
2022-09-20 01:19:44.7772 INFO read the first dropdown value of stored file
2022-09-20 01:19:44.7772 INFO read the first dropdown value of stored file
2022-09-20 01:19:44.7772 INFO read the first dropdown value of stored file
2022-09-20 01:19:44.7772 INFO read the first dropdown value of stored file
2022-09-20 01:19:44.7772 INFO read the first dropdown value of stored file
2022-09-20 01:19:44.7772 INFO read the configue value to list
2022-09-20 01:19:44.7772 INFO read the configue value to list
2022-09-20 01:19:44.7772 INFO read the configue value to list
2022-09-20 01:19:44.7772 INFO read the configue value to list
2022-09-20 01:19:44.7772 INFO read the configue value to list
2022-09-20 01:19:44.7772 INFO compare the file value and the config value and send the list
2022-09-20 01:19:44.7772 INFO return the first dropdownlist value
2022-09-20 01:19:46.4113 INFO read the node from the file
2022-09-20 01:19:46.4113 INFO to read the first node of selected node 
2022-09-20 01:23:46.7999 INFO enter the logger
2022-09-20 01:23:46.8809 INFO Upload the file successfully
2022-09-20 01:23:46.9128 INFO read the value of stored file
2022-09-20 01:23:46.9128 INFO read the first dropdown value of stored file
2022-09-20 01:23:46.9128 INFO read the first dropdown value of stored file
2022-09-20 01:23:46.9128 INFO read the first dropdown value of stored file
2022-09-20 01:23:46.9128 INFO read the first dropdown value of stored file
2022-09-20 01:23:46.9128 INFO read the first dropdown value of stored file
2022-09-20 01:23:46.9128 INFO read the first dropdown value of stored file
2022-09-20 01:23:46.9128 INFO read the first dropdown value of stored file
2022-09-20 01:23:46.9128 INFO read the first dropdown value of stored file
2022-09-20 01:23:46.9128 INFO read the first dropdown value of stored file
2022-09-20 01:23:46.9128 INFO read the first dropdown value of stored file
2022-09-20 01:23:46.9128 INFO read the first dropdown value of stored file
2022-09-20 01:23:46.9128 INFO read the first dropdown value of stored file
2022-09-20 01:23:46.9128 INFO read the first dropdown value of stored file
2022-09-20 01:23:46.9128 INFO read the first dropdown value of stored file
2022-09-20 01:23:46.9128 INFO read the first dropdown value of stored file
2022-09-20 01:23:46.9128 INFO read the first dropdown value of stored file
2022-09-20 01:23:46.9128 INFO read the first dropdown value of stored file
2022-09-20 01:23:46.9128 INFO read the configue value to list
2022-09-20 01:23:46.9128 INFO read the configue value to list
2022-09-20 01:23:46.9128 INFO read the configue value to list
2022-09-20 01:23:46.9128 INFO read the configue value to list
2022-09-20 01:23:46.9128 INFO read the configue value to list
2022-09-20 01:23:46.9128 INFO compare the file value and the config value and send the list
2022-09-20 01:23:46.9128 INFO return the first dropdownlist value
2022-09-20 01:23:49.5562 INFO read the node from the file
2022-09-20 01:23:49.5562 INFO to read the first node of selected node 
2022-09-20 11:01:38.7705 INFO enter the logger
2022-09-20 11:01:40.0638 INFO Upload the file successfully
2022-09-20 11:01:40.1167 INFO read the value of stored file
2022-09-20 11:01:40.1167 INFO read the first dropdown value of stored file
2022-09-20 11:01:40.1167 INFO read the first dropdown value of stored file
2022-09-20 11:01:40.1167 INFO read the first dropdown value of stored file
2022-09-20 11:01:40.1167 INFO read the first dropdown value of stored file
2022-09-20 11:01:40.1167 INFO read the first dropdown value of stored file
2022-09-20 11:01:40.1167 INFO read the first dropdown value of stored file
2022-09-20 11:01:40.1167 INFO read the first dropdown value of stored file
2022-09-20 11:01:40.1167 INFO read the first dropdown value of stored file
2022-09-20 11:01:40.1167 INFO read the first dropdown value of stored file
2022-09-20 11:01:40.1167 INFO read the first dropdown value of stored file
2022-09-20 11:01:40.1167 INFO read the first dropdown value of stored file
2022-09-20 11:01:40.1167 INFO read the first dropdown value of stored file
2022-09-20 11:01:40.1167 INFO read the first dropdown value of stored file
2022-09-20 11:01:40.1167 INFO read the first dropdown value of stored file
2022-09-20 11:01:40.1167 INFO read the first dropdown value of stored file
2022-09-20 11:01:40.1167 INFO read the first dropdown value of stored file
2022-09-20 11:01:40.1167 INFO read the first dropdown value of stored file
2022-09-20 11:01:40.1167 INFO read the configue value to list
2022-09-20 11:01:40.1167 INFO read the configue value to list
2022-09-20 11:01:40.1167 INFO read the configue value to list
2022-09-20 11:01:40.1167 INFO read the configue value to list
2022-09-20 11:01:40.1167 INFO read the configue value to list
2022-09-20 11:01:40.1167 INFO compare the file value and the config value and send the list
2022-09-20 11:01:40.1167 INFO return the first dropdownlist value
2022-09-20 11:01:51.7992 INFO read the node from the file
2022-09-20 11:01:51.7992 INFO to read the first node of selected node 
2022-09-20 11:05:19.1255 INFO enter the logger
2022-09-20 11:05:19.1445 INFO Upload the file successfully
2022-09-20 11:05:19.1445 INFO read the value of stored file
2022-09-20 11:05:19.1445 INFO read the first dropdown value of stored file
2022-09-20 11:05:19.1445 INFO read the first dropdown value of stored file
2022-09-20 11:05:19.1445 INFO read the first dropdown value of stored file
2022-09-20 11:05:19.1445 INFO read the first dropdown value of stored file
2022-09-20 11:05:19.1445 INFO read the first dropdown value of stored file
2022-09-20 11:05:19.1445 INFO read the first dropdown value of stored file
2022-09-20 11:05:19.1445 INFO read the first dropdown value of stored file
2022-09-20 11:05:19.1445 INFO read the first dropdown value of stored file
2022-09-20 11:05:19.1445 INFO read the first dropdown value of stored file
2022-09-20 11:05:19.1445 INFO read the first dropdown value of stored file
2022-09-20 11:05:19.1445 INFO read the first dropdown value of stored file
2022-09-20 11:05:19.1445 INFO read the first dropdown value of stored file
2022-09-20 11:05:19.1445 INFO read the first dropdown value of stored file
2022-09-20 11:05:19.1445 INFO read the first dropdown value of stored file
2022-09-20 11:05:19.1445 INFO read the first dropdown value of stored file
2022-09-20 11:05:19.1445 INFO read the first dropdown value of stored file
2022-09-20 11:05:19.1445 INFO read the first dropdown value of stored file
2022-09-20 11:05:19.1445 INFO read the configue value to list
2022-09-20 11:05:19.1445 INFO read the configue value to list
2022-09-20 11:05:19.1445 INFO read the configue value to list
2022-09-20 11:05:19.1445 INFO read the configue value to list
2022-09-20 11:05:19.1445 INFO read the configue value to list
2022-09-20 11:05:19.1445 INFO compare the file value and the config value and send the list
2022-09-20 11:05:19.1445 INFO return the first dropdownlist value
2022-09-20 11:05:25.3501 INFO read the node from the file
2022-09-20 11:05:25.3501 INFO to read the first node of selected node 
2022-09-20 11:08:04.7992 INFO enter the logger
2022-09-20 11:08:04.9111 INFO Upload the file successfully
2022-09-20 11:08:04.9271 INFO read the value of stored file
2022-09-20 11:08:04.9271 INFO read the first dropdown value of stored file
2022-09-20 11:08:04.9271 INFO read the first dropdown value of stored file
2022-09-20 11:08:04.9271 INFO read the first dropdown value of stored file
2022-09-20 11:08:04.9271 INFO read the first dropdown value of stored file
2022-09-20 11:08:04.9271 INFO read the first dropdown value of stored file
2022-09-20 11:08:04.9271 INFO read the first dropdown value of stored file
2022-09-20 11:08:04.9271 INFO read the first dropdown value of stored file
2022-09-20 11:08:04.9271 INFO read the first dropdown value of stored file
2022-09-20 11:08:04.9271 INFO read the first dropdown value of stored file
2022-09-20 11:08:04.9271 INFO read the first dropdown value of stored file
2022-09-20 11:08:04.9271 INFO read the first dropdown value of stored file
2022-09-20 11:08:04.9271 INFO read the first dropdown value of stored file
2022-09-20 11:08:04.9271 INFO read the first dropdown value of stored file
2022-09-20 11:08:04.9271 INFO read the first dropdown value of stored file
2022-09-20 11:08:04.9271 INFO read the first dropdown value of stored file
2022-09-20 11:08:04.9271 INFO read the first dropdown value of stored file
2022-09-20 11:08:04.9271 INFO read the first dropdown value of stored file
2022-09-20 11:08:04.9271 INFO read the configue value to list
2022-09-20 11:08:04.9271 INFO read the configue value to list
2022-09-20 11:08:04.9271 INFO read the configue value to list
2022-09-20 11:08:04.9271 INFO read the configue value to list
2022-09-20 11:08:04.9271 INFO read the configue value to list
2022-09-20 11:08:04.9271 INFO compare the file value and the config value and send the list
2022-09-20 11:08:04.9271 INFO return the first dropdownlist value
2022-09-20 11:08:07.2836 INFO read the node from the file
2022-09-20 11:08:07.2836 INFO to read the first node of selected node 
2022-09-20 11:09:07.0403 INFO enter the logger
2022-09-20 11:09:07.0873 INFO Upload the file successfully
2022-09-20 11:09:07.1153 INFO read the value of stored file
2022-09-20 11:09:07.1153 INFO read the first dropdown value of stored file
2022-09-20 11:09:07.1153 INFO read the first dropdown value of stored file
2022-09-20 11:09:07.1153 INFO read the first dropdown value of stored file
2022-09-20 11:09:07.1153 INFO read the first dropdown value of stored file
2022-09-20 11:09:07.1153 INFO read the first dropdown value of stored file
2022-09-20 11:09:07.1153 INFO read the first dropdown value of stored file
2022-09-20 11:09:07.1153 INFO read the first dropdown value of stored file
2022-09-20 11:09:07.1153 INFO read the first dropdown value of stored file
2022-09-20 11:09:07.1153 INFO read the first dropdown value of stored file
2022-09-20 11:09:07.1153 INFO read the first dropdown value of stored file
2022-09-20 11:09:07.1153 INFO read the first dropdown value of stored file
2022-09-20 11:09:07.1153 INFO read the first dropdown value of stored file
2022-09-20 11:09:07.1153 INFO read the first dropdown value of stored file
2022-09-20 11:09:07.1153 INFO read the first dropdown value of stored file
2022-09-20 11:09:07.1153 INFO read the first dropdown value of stored file
2022-09-20 11:09:07.1153 INFO read the first dropdown value of stored file
2022-09-20 11:09:07.1153 INFO read the first dropdown value of stored file
2022-09-20 11:09:07.1153 INFO read the configue value to list
2022-09-20 11:09:07.1153 INFO read the configue value to list
2022-09-20 11:09:07.1153 INFO read the configue value to list
2022-09-20 11:09:07.1153 INFO read the configue value to list
2022-09-20 11:09:07.1153 INFO read the configue value to list
2022-09-20 11:09:07.1153 INFO compare the file value and the config value and send the list
2022-09-20 11:09:07.1153 INFO return the first dropdownlist value
2022-09-20 11:09:10.0683 INFO read the node from the file
2022-09-20 11:09:10.0683 INFO to read the first node of selected node 
2022-09-20 11:10:04.0640 INFO enter the logger
2022-09-20 11:10:04.1230 INFO Upload the file successfully
2022-09-20 11:10:04.1569 INFO read the value of stored file
2022-09-20 11:10:04.1569 INFO read the first dropdown value of stored file
2022-09-20 11:10:04.1569 INFO read the first dropdown value of stored file
2022-09-20 11:10:04.1569 INFO read the first dropdown value of stored file
2022-09-20 11:10:04.1569 INFO read the first dropdown value of stored file
2022-09-20 11:10:04.1569 INFO read the first dropdown value of stored file
2022-09-20 11:10:04.1569 INFO read the first dropdown value of stored file
2022-09-20 11:10:04.1569 INFO read the first dropdown value of stored file
2022-09-20 11:10:04.1569 INFO read the first dropdown value of stored file
2022-09-20 11:10:04.1569 INFO read the first dropdown value of stored file
2022-09-20 11:10:04.1569 INFO read the first dropdown value of stored file
2022-09-20 11:10:04.1569 INFO read the first dropdown value of stored file
2022-09-20 11:10:04.1569 INFO read the first dropdown value of stored file
2022-09-20 11:10:04.1569 INFO read the first dropdown value of stored file
2022-09-20 11:10:04.1569 INFO read the first dropdown value of stored file
2022-09-20 11:10:04.1569 INFO read the first dropdown value of stored file
2022-09-20 11:10:04.1569 INFO read the first dropdown value of stored file
2022-09-20 11:10:04.1569 INFO read the first dropdown value of stored file
2022-09-20 11:10:04.1569 INFO read the configue value to list
2022-09-20 11:10:04.1569 INFO read the configue value to list
2022-09-20 11:10:04.1569 INFO read the configue value to list
2022-09-20 11:10:04.1569 INFO read the configue value to list
2022-09-20 11:10:04.1569 INFO read the configue value to list
2022-09-20 11:10:04.1569 INFO compare the file value and the config value and send the list
2022-09-20 11:10:04.1569 INFO return the first dropdownlist value
2022-09-20 11:10:06.0682 INFO read the node from the file
2022-09-20 11:10:06.0682 INFO to read the first node of selected node 
2022-09-20 11:12:01.0728 INFO enter the logger
2022-09-20 11:12:01.1168 INFO Upload the file successfully
2022-09-20 11:12:01.1448 INFO read the value of stored file
2022-09-20 11:12:01.1448 INFO read the first dropdown value of stored file
2022-09-20 11:12:01.1448 INFO read the first dropdown value of stored file
2022-09-20 11:12:01.1448 INFO read the first dropdown value of stored file
2022-09-20 11:12:01.1448 INFO read the first dropdown value of stored file
2022-09-20 11:12:01.1448 INFO read the first dropdown value of stored file
2022-09-20 11:12:01.1448 INFO read the first dropdown value of stored file
2022-09-20 11:12:01.1448 INFO read the first dropdown value of stored file
2022-09-20 11:12:01.1448 INFO read the first dropdown value of stored file
2022-09-20 11:12:01.1448 INFO read the first dropdown value of stored file
2022-09-20 11:12:01.1448 INFO read the first dropdown value of stored file
2022-09-20 11:12:01.1448 INFO read the first dropdown value of stored file
2022-09-20 11:12:01.1448 INFO read the first dropdown value of stored file
2022-09-20 11:12:01.1448 INFO read the first dropdown value of stored file
2022-09-20 11:12:01.1448 INFO read the first dropdown value of stored file
2022-09-20 11:12:01.1448 INFO read the first dropdown value of stored file
2022-09-20 11:12:01.1448 INFO read the first dropdown value of stored file
2022-09-20 11:12:01.1448 INFO read the first dropdown value of stored file
2022-09-20 11:12:01.1448 INFO read the configue value to list
2022-09-20 11:12:01.1448 INFO read the configue value to list
2022-09-20 11:12:01.1448 INFO read the configue value to list
2022-09-20 11:12:01.1448 INFO read the configue value to list
2022-09-20 11:12:01.1448 INFO read the configue value to list
2022-09-20 11:12:01.1448 INFO compare the file value and the config value and send the list
2022-09-20 11:12:01.1448 INFO return the first dropdownlist value
2022-09-20 11:12:03.6093 INFO read the node from the file
2022-09-20 11:12:03.6093 INFO to read the first node of selected node 
2022-09-20 11:21:21.5126 INFO enter the logger
2022-09-20 11:21:21.6366 INFO Upload the file successfully
2022-09-20 11:21:21.6626 INFO read the value of stored file
2022-09-20 11:21:21.6626 INFO read the first dropdown value of stored file
2022-09-20 11:21:21.6626 INFO read the first dropdown value of stored file
2022-09-20 11:21:21.6626 INFO read the first dropdown value of stored file
2022-09-20 11:21:21.6626 INFO read the first dropdown value of stored file
2022-09-20 11:21:21.6626 INFO read the first dropdown value of stored file
2022-09-20 11:21:21.6626 INFO read the first dropdown value of stored file
2022-09-20 11:21:21.6626 INFO read the first dropdown value of stored file
2022-09-20 11:21:21.6626 INFO read the first dropdown value of stored file
2022-09-20 11:21:21.6626 INFO read the first dropdown value of stored file
2022-09-20 11:21:21.6626 INFO read the first dropdown value of stored file
2022-09-20 11:21:21.6626 INFO read the first dropdown value of stored file
2022-09-20 11:21:21.6626 INFO read the first dropdown value of stored file
2022-09-20 11:21:21.6626 INFO read the first dropdown value of stored file
2022-09-20 11:21:21.6626 INFO read the first dropdown value of stored file
2022-09-20 11:21:21.6626 INFO read the first dropdown value of stored file
2022-09-20 11:21:21.6626 INFO read the first dropdown value of stored file
2022-09-20 11:21:21.6626 INFO read the first dropdown value of stored file
2022-09-20 11:21:21.6626 INFO read the configue value to list
2022-09-20 11:21:21.6626 INFO read the configue value to list
2022-09-20 11:21:21.6626 INFO read the configue value to list
2022-09-20 11:21:21.6626 INFO read the configue value to list
2022-09-20 11:21:21.6626 INFO read the configue value to list
2022-09-20 11:21:21.6626 INFO compare the file value and the config value and send the list
2022-09-20 11:21:21.6626 INFO return the first dropdownlist value
2022-09-20 11:21:24.3258 INFO read the node from the file
2022-09-20 11:21:24.3258 INFO to read the first node of selected node 
2022-09-20 11:28:31.4947 ERROR selected first dropdown element
2022-09-20 11:30:50.5487 ERROR selected first dropdown element
2022-09-20 11:34:27.7903 ERROR selected first dropdown element
2022-09-20 11:35:57.3170 ERROR selected first dropdown element
2022-09-20 11:35:58.9278 ERROR selected first dropdown element
2022-09-20 11:44:13.7664 ERROR selected first dropdown element
2022-09-20 11:44:17.0242 ERROR selected first dropdown element
2022-09-20 12:53:11.4571 ERROR selected first dropdown element
2022-09-20 13:07:58.2890 ERROR selected first dropdown element
2022-09-20 13:10:33.7614 ERROR selected first dropdown element
2022-09-20 13:12:38.1891 ERROR selected first dropdown element
2022-09-20 13:19:15.4785 ERROR selected first dropdown element
2022-09-20 13:19:19.2097 ERROR selected first dropdown element
2022-09-20 13:19:28.5402 ERROR selected first dropdown element
2022-09-20 13:20:00.2818 ERROR selected first dropdown element
2022-09-20 13:20:02.9825 ERROR selected first dropdown element
2022-09-20 13:20:05.1588 ERROR selected first dropdown element
2022-09-20 13:20:07.5607 ERROR selected first dropdown element
2022-09-20 13:20:10.9243 ERROR selected first dropdown element
2022-09-20 13:20:15.0057 ERROR selected first dropdown element
2022-09-20 13:21:37.0028 ERROR selected first dropdown element
2022-09-20 13:21:38.9627 ERROR selected first dropdown element
2022-09-20 13:21:42.3367 ERROR selected first dropdown element
2022-09-20 13:21:44.0277 ERROR selected first dropdown element
2022-09-20 13:22:16.3833 ERROR selected first dropdown element
2022-09-20 13:22:18.5093 ERROR selected first dropdown element
2022-09-20 13:32:33.2595 ERROR selected first dropdown element
2022-09-20 13:33:13.7707 ERROR selected first dropdown element
2022-09-20 13:33:15.6844 ERROR selected first dropdown element
2022-09-20 13:33:18.1924 ERROR selected first dropdown element
2022-09-20 13:33:30.7608 ERROR selected first dropdown element
2022-09-20 13:37:01.4310 ERROR selected first dropdown element
2022-09-20 13:37:16.3582 ERROR selected first dropdown element
2022-09-20 13:37:33.0171 ERROR selected first dropdown element
2022-09-20 13:37:36.1377 ERROR selected first dropdown element
2022-09-20 13:37:57.2387 ERROR selected first dropdown element
2022-09-20 13:38:07.5741 ERROR selected first dropdown element
2022-09-20 14:53:44.2027 ERROR selected first dropdown element
2022-09-20 14:53:59.5890 ERROR selected first dropdown element
2022-09-20 14:56:19.1741 ERROR selected first dropdown element
2022-09-20 14:56:20.8928 ERROR selected first dropdown element
2022-09-20 14:56:25.5078 ERROR selected first dropdown element
2022-09-20 14:56:28.4062 ERROR selected first dropdown element
2022-09-20 14:56:31.8839 ERROR selected first dropdown element
2022-09-20 14:56:34.9012 ERROR selected first dropdown element
2022-09-20 14:57:15.7563 ERROR selected first dropdown element
2022-09-20 14:58:37.4257 ERROR selected first dropdown element
2022-09-20 14:58:38.8206 ERROR selected first dropdown element
2022-09-20 14:59:14.9638 ERROR selected first dropdown element
2022-09-20 14:59:16.7297 ERROR selected first dropdown element
2022-09-20 15:01:42.1134 ERROR selected first dropdown element
2022-09-20 15:01:44.9106 ERROR selected first dropdown element
2022-09-20 15:01:47.5634 ERROR selected first dropdown element
2022-09-20 15:05:23.0483 ERROR selected first dropdown element
2022-09-20 15:05:24.3412 ERROR selected first dropdown element
2022-09-20 15:05:27.8732 ERROR selected first dropdown element
2022-09-20 15:06:35.3135 ERROR selected first dropdown element
2022-09-20 15:06:37.1232 ERROR selected first dropdown element
2022-09-20 15:06:39.2438 ERROR selected first dropdown element
2022-09-20 15:07:17.9414 ERROR selected first dropdown element
2022-09-20 15:07:19.6114 ERROR selected first dropdown element
2022-09-20 15:07:21.0652 ERROR selected first dropdown element
2022-09-20 15:08:30.3557 ERROR selected first dropdown element
2022-09-20 15:08:33.5119 ERROR selected first dropdown element
2022-09-20 15:08:36.3844 ERROR selected first dropdown element
2022-09-20 15:09:26.3286 ERROR selected first dropdown element
2022-09-20 15:09:30.5359 ERROR selected first dropdown element
2022-09-20 15:09:34.6366 ERROR selected first dropdown element
2022-09-20 15:10:06.5453 ERROR selected first dropdown element
2022-09-20 15:10:08.5338 ERROR selected first dropdown element
2022-09-20 15:10:10.4459 ERROR selected first dropdown element
2022-09-20 15:10:39.4546 ERROR selected first dropdown element
2022-09-20 15:10:41.4846 ERROR selected first dropdown element
2022-09-20 15:10:44.1916 ERROR selected first dropdown element
2022-09-20 15:10:47.2932 ERROR selected first dropdown element
2022-09-20 15:10:49.5110 ERROR selected first dropdown element
2022-09-20 15:15:19.7362 ERROR selected first dropdown element
2022-09-20 15:15:21.1885 ERROR selected first dropdown element
2022-09-20 15:16:37.5828 ERROR selected first dropdown element
2022-09-20 15:16:38.7808 ERROR selected first dropdown element
2022-09-20 15:17:56.9992 ERROR selected first dropdown element
2022-09-20 15:17:58.5909 ERROR selected first dropdown element
2022-09-20 15:18:06.1486 ERROR selected first dropdown element
2022-09-20 15:18:09.2908 ERROR selected first dropdown element
2022-09-20 15:18:12.4050 ERROR selected first dropdown element
2022-09-20 15:49:27.9202 ERROR selected first dropdown element
2022-09-20 15:49:29.3813 ERROR selected first dropdown element
2022-09-20 15:49:31.1600 ERROR selected first dropdown element
2022-09-20 15:50:11.2666 ERROR selected first dropdown element
2022-09-20 15:52:59.9654 ERROR selected first dropdown element
2022-09-20 15:53:04.4660 ERROR selected first dropdown element
2022-09-20 15:53:17.5288 ERROR selected first dropdown element
2022-09-20 16:03:39.1795 ERROR selected first dropdown element
2022-09-20 16:03:56.0696 ERROR selected first dropdown element
2022-09-20 16:04:02.6304 ERROR selected first dropdown element
2022-09-20 16:04:42.6485 ERROR selected first dropdown element
2022-09-20 16:05:07.7830 ERROR selected first dropdown element
2022-09-20 16:05:34.3507 ERROR selected first dropdown element
2022-09-20 16:05:39.7613 ERROR selected first dropdown element
2022-09-20 16:06:14.6748 ERROR selected first dropdown element
2022-09-20 16:12:15.3740 ERROR selected first dropdown element
2022-09-20 16:12:15.3740 ERROR selected first dropdown element
2022-09-20 16:12:15.3740 ERROR selected first dropdown element
2022-09-20 16:12:20.3788 ERROR selected first dropdown element
2022-09-20 16:12:20.3838 ERROR selected first dropdown element
2022-09-20 16:12:20.3838 ERROR selected first dropdown element
2022-09-20 16:12:21.7858 ERROR selected first dropdown element
2022-09-20 16:12:21.7868 ERROR selected first dropdown element
2022-09-20 16:12:21.7868 ERROR selected first dropdown element
2022-09-20 16:12:30.8030 ERROR selected first dropdown element
2022-09-20 16:12:30.8030 ERROR selected first dropdown element
2022-09-20 16:12:30.8030 ERROR selected first dropdown element
2022-09-20 16:12:39.3056 ERROR selected first dropdown element
2022-09-20 16:12:39.3056 ERROR selected first dropdown element
2022-09-20 16:12:39.3056 ERROR selected first dropdown element
2022-09-20 16:12:42.2537 ERROR selected first dropdown element
2022-09-20 16:12:42.2647 ERROR selected first dropdown element
2022-09-20 16:12:42.2647 ERROR selected first dropdown element
2022-09-20 16:12:42.2826 ERROR selected first dropdown element
2022-09-20 16:12:52.9953 ERROR selected first dropdown element
2022-09-20 16:12:52.9953 ERROR selected first dropdown element
2022-09-20 16:12:52.9953 ERROR selected first dropdown element
2022-09-20 16:12:53.0092 ERROR selected first dropdown element
2022-09-20 16:12:53.0482 ERROR selected first dropdown element
2022-09-20 16:13:23.6293 ERROR selected first dropdown element
2022-09-20 16:13:23.6293 ERROR selected first dropdown element
2022-09-20 16:13:23.6293 ERROR selected first dropdown element
2022-09-20 16:13:23.6663 ERROR selected first dropdown element
2022-09-20 16:13:23.6783 ERROR selected first dropdown element
2022-09-20 16:13:28.8184 ERROR selected first dropdown element
2022-09-20 16:13:28.8184 ERROR selected first dropdown element
2022-09-20 16:13:28.8184 ERROR selected first dropdown element
2022-09-20 16:13:28.8593 ERROR selected first dropdown element
2022-09-20 16:13:28.8593 ERROR selected first dropdown element
2022-09-20 16:13:32.7799 ERROR selected first dropdown element
2022-09-20 16:13:32.7799 ERROR selected first dropdown element
2022-09-20 16:13:32.7799 ERROR selected first dropdown element
2022-09-20 16:13:32.8299 ERROR selected first dropdown element
2022-09-20 16:13:32.8299 ERROR selected first dropdown element
2022-09-20 16:13:37.8858 ERROR selected first dropdown element
2022-09-20 16:13:37.9008 ERROR selected first dropdown element
2022-09-20 16:13:37.9008 ERROR selected first dropdown element
2022-09-20 16:13:37.9218 ERROR selected first dropdown element
2022-09-20 16:14:36.3659 ERROR selected first dropdown element
2022-09-20 16:14:37.9382 ERROR selected first dropdown element
2022-09-20 16:14:39.8809 ERROR selected first dropdown element
2022-09-20 16:14:47.0705 ERROR selected first dropdown element
2022-09-20 16:14:53.5784 ERROR selected first dropdown element
2022-09-20 16:14:55.3467 ERROR selected first dropdown element
2022-09-20 16:14:56.9507 ERROR selected first dropdown element
2022-09-20 16:14:58.9130 ERROR selected first dropdown element
2022-09-20 16:15:01.2346 ERROR selected first dropdown element
2022-09-20 16:15:03.1547 ERROR selected first dropdown element
2022-09-20 16:15:04.8723 ERROR selected first dropdown element
2022-09-20 16:15:06.8265 ERROR selected first dropdown element
2022-09-20 16:15:14.1687 ERROR selected first dropdown element
2022-09-20 16:15:16.9956 ERROR selected first dropdown element
2022-09-20 16:15:16.9956 ERROR selected first dropdown element
2022-09-20 16:15:38.2673 ERROR selected first dropdown element
2022-09-20 16:15:38.2893 ERROR selected first dropdown element
2022-09-20 16:15:38.2893 ERROR selected first dropdown element
2022-09-20 16:15:53.5941 ERROR selected first dropdown element
2022-09-20 16:15:55.3173 ERROR selected first dropdown element
2022-09-20 16:15:57.0850 ERROR selected first dropdown element
2022-09-20 16:15:59.2997 ERROR selected first dropdown element
2022-09-20 16:15:59.3007 ERROR selected first dropdown element
2022-09-20 16:15:59.3007 ERROR selected first dropdown element
2022-09-20 16:17:37.7172 ERROR selected first dropdown element
2022-09-20 16:17:47.5743 ERROR selected first dropdown element
2022-09-20 16:17:53.1461 ERROR selected first dropdown element
2022-09-20 16:18:03.8144 ERROR selected first dropdown element
2022-09-20 16:18:07.2574 ERROR selected first dropdown element
2022-09-20 16:18:07.2574 ERROR selected first dropdown element
2022-09-20 16:18:17.7237 ERROR selected first dropdown element
2022-09-20 16:18:19.9621 ERROR selected first dropdown element
2022-09-20 16:18:21.8610 ERROR selected first dropdown element
2022-09-20 16:18:23.7109 ERROR selected first dropdown element
2022-09-20 16:18:23.7259 ERROR selected first dropdown element
2022-09-20 16:18:31.7199 ERROR selected first dropdown element
2022-09-20 16:18:31.7199 ERROR selected first dropdown element
2022-09-20 16:18:43.8896 ERROR selected first dropdown element
2022-09-20 16:18:43.9335 ERROR selected first dropdown element
2022-09-20 16:18:47.5940 ERROR selected first dropdown element
2022-09-20 16:18:47.6070 ERROR selected first dropdown element
2022-09-20 16:18:47.6469 ERROR selected first dropdown element
2022-09-20 16:18:47.6589 ERROR selected first dropdown element
2022-09-20 16:24:21.0618 ERROR selected first dropdown element
2022-09-20 16:24:22.3598 ERROR selected first dropdown element
2022-09-20 16:24:23.4638 ERROR selected first dropdown element
2022-09-20 16:24:24.7683 ERROR selected first dropdown element
2022-09-20 16:24:29.8455 ERROR selected first dropdown element
2022-09-20 16:24:34.3056 ERROR selected first dropdown element
2022-09-20 16:24:36.0717 ERROR selected first dropdown element
2022-09-20 16:24:41.5106 ERROR selected first dropdown element
2022-09-20 16:24:46.2122 ERROR selected first dropdown element
2022-09-20 16:24:48.9605 ERROR selected first dropdown element
2022-09-20 16:24:51.0780 ERROR selected first dropdown element
2022-09-20 16:24:51.0970 ERROR selected first dropdown element
2022-09-20 16:24:55.1626 ERROR selected first dropdown element
2022-09-20 16:24:55.1846 ERROR selected first dropdown element
2022-09-20 16:25:10.3296 ERROR selected first dropdown element
2022-09-20 16:25:11.5608 ERROR selected first dropdown element
2022-09-20 16:25:12.7063 ERROR selected first dropdown element
2022-09-20 16:25:17.3185 ERROR selected first dropdown element
2022-09-20 16:25:18.6347 ERROR selected first dropdown element
2022-09-20 16:25:20.5944 ERROR selected first dropdown element
2022-09-20 16:25:20.5944 ERROR selected first dropdown element
2022-09-20 16:25:25.7323 ERROR selected first dropdown element
2022-09-20 16:25:25.7403 ERROR selected first dropdown element
2022-09-20 16:25:27.1354 ERROR selected first dropdown element
2022-09-20 16:25:37.4494 ERROR selected first dropdown element
2022-09-20 16:25:38.5043 ERROR selected first dropdown element
2022-09-20 16:25:38.5173 ERROR selected first dropdown element
2022-09-20 16:25:40.2137 ERROR selected first dropdown element
2022-09-20 16:25:40.2287 ERROR selected first dropdown element
2022-09-20 16:25:42.2400 ERROR selected first dropdown element
2022-09-20 16:25:42.2560 ERROR selected first dropdown element
2022-09-20 16:25:45.1823 ERROR selected first dropdown element
2022-09-20 16:25:45.1883 ERROR selected first dropdown element
2022-09-20 16:25:47.2513 ERROR selected first dropdown element
2022-09-20 16:25:47.2513 ERROR selected first dropdown element
2022-09-20 16:25:49.1992 ERROR selected first dropdown element
2022-09-20 16:25:49.1992 ERROR selected first dropdown element
2022-09-20 16:25:56.3528 ERROR selected first dropdown element
2022-09-20 16:25:56.3628 ERROR selected first dropdown element
